  Console.cpp
C:\Users\ADMIN\Documents\FINAL CSOPESY Files\csopesy-mo1\Project_Folder_2\Project_Folder_2\Console.cpp(152,10): error C1083: Cannot open include file: 'Console.h': No such file or directory
  Core.h
C:\Users\ADMIN\Documents\FINAL CSOPESY Files\csopesy-mo1\Project_Folder_2\Project_Folder_2\Core.h(14,10): warning C4067: unexpected tokens following preprocessor directive - expected a newline
C:\Users\ADMIN\Documents\FINAL CSOPESY Files\csopesy-mo1\Project_Folder_2\Project_Folder_2\Process.h(55,10): error C2365: 'Process::finished': redefinition; previous definition was 'member function'
  (compiling source file 'Core.h')
  C:\Users\ADMIN\Documents\FINAL CSOPESY Files\csopesy-mo1\Project_Folder_2\Project_Folder_2\Process.h(37,10):
  see declaration of 'Process::finished'
  
C:\Users\ADMIN\Documents\FINAL CSOPESY Files\csopesy-mo1\Project_Folder_2\Project_Folder_2\Process.h(38,16): error C3867: 'Process::finished': non-standard syntax; use '&' to create a pointer to member
  (compiling source file 'Core.h')
  
  main.cpp
  Process.h
C:\Users\ADMIN\Documents\FINAL CSOPESY Files\csopesy-mo1\Project_Folder_2\Project_Folder_2\Process.h(55,10): error C2365: 'Process::finished': redefinition; previous definition was 'member function'
  C:\Users\ADMIN\Documents\FINAL CSOPESY Files\csopesy-mo1\Project_Folder_2\Project_Folder_2\Process.h(37,10):
  see declaration of 'Process::finished'
  
C:\Users\ADMIN\Documents\FINAL CSOPESY Files\csopesy-mo1\Project_Folder_2\Project_Folder_2\Process.h(38,16): error C3867: 'Process::finished': non-standard syntax; use '&' to create a pointer to member
  Scheduler.h
C:\Users\ADMIN\Documents\FINAL CSOPESY Files\csopesy-mo1\Project_Folder_2\Project_Folder_2\Scheduler.h(7,10): warning C4067: unexpected tokens following preprocessor directive - expected a newline
C:\Users\ADMIN\Documents\FINAL CSOPESY Files\csopesy-mo1\Project_Folder_2\Project_Folder_2\Process.h(55,10): error C2365: 'Process::finished': redefinition; previous definition was 'member function'
  (compiling source file 'Scheduler.h')
  C:\Users\ADMIN\Documents\FINAL CSOPESY Files\csopesy-mo1\Project_Folder_2\Project_Folder_2\Process.h(37,10):
  see declaration of 'Process::finished'
  
C:\Users\ADMIN\Documents\FINAL CSOPESY Files\csopesy-mo1\Project_Folder_2\Project_Folder_2\Process.h(38,16): error C3867: 'Process::finished': non-standard syntax; use '&' to create a pointer to member
  (compiling source file 'Scheduler.h')
  
C:\Users\ADMIN\Documents\FINAL CSOPESY Files\csopesy-mo1\Project_Folder_2\Project_Folder_2\Scheduler.h(8,10): warning C4067: unexpected tokens following preprocessor directive - expected a newline
C:\Users\ADMIN\Documents\FINAL CSOPESY Files\csopesy-mo1\Project_Folder_2\Project_Folder_2\Core.h(14,10): warning C4067: unexpected tokens following preprocessor directive - expected a newline
  (compiling source file 'Scheduler.h')
  
  Screen.h
C:\Users\ADMIN\Documents\FINAL CSOPESY Files\csopesy-mo1\Project_Folder_2\Project_Folder_2\Screen.h(5,10): warning C4067: unexpected tokens following preprocessor directive - expected a newline
C:\Users\ADMIN\Documents\FINAL CSOPESY Files\csopesy-mo1\Project_Folder_2\Project_Folder_2\Process.h(55,10): error C2365: 'Process::finished': redefinition; previous definition was 'member function'
  (compiling source file 'Screen.h')
  C:\Users\ADMIN\Documents\FINAL CSOPESY Files\csopesy-mo1\Project_Folder_2\Project_Folder_2\Process.h(37,10):
  see declaration of 'Process::finished'
  
C:\Users\ADMIN\Documents\FINAL CSOPESY Files\csopesy-mo1\Project_Folder_2\Project_Folder_2\Process.h(38,16): error C3867: 'Process::finished': non-standard syntax; use '&' to create a pointer to member
  (compiling source file 'Screen.h')
  
  ThreadedQueue.h
  Generating Code...
